{"/Users/zane/.liq/playground/liquid-labs/catalyst-projects-workflow-github-jest-cicd/src/handlers/projects/workflows/github/node-jest-cicd/add.mjs": {"path":"/Users/zane/.liq/playground/liquid-labs/catalyst-projects-workflow-github-jest-cicd/src/handlers/projects/workflows/github/node-jest-cicd/add.mjs","statementMap":{"0":{"start":{"line":1,"column":0},"end":{"line":1,"column":null}},"1":{"start":{"line":2,"column":0},"end":{"line":2,"column":null}},"2":{"start":{"line":4,"column":0},"end":{"line":4,"column":null}},"3":{"start":{"line":6,"column":0},"end":{"line":6,"column":null}},"4":{"start":{"line":7,"column":0},"end":{"line":7,"column":null}},"5":{"start":{"line":8,"column":0},"end":{"line":8,"column":null}},"6":{"start":{"line":9,"column":0},"end":{"line":9,"column":57}},"7":{"start":{"line":9,"column":57},"end":{"line":9,"column":null}},"8":{"start":{"line":11,"column":10},"end":{"line":15,"column":1}},"9":{"start":{"line":17,"column":12},"end":{"line":17,"column":20}},"10":{"start":{"line":18,"column":10},"end":{"line":18,"column":73}},"11":{"start":{"line":19,"column":16},"end":{"line":39,"column":null}},"12":{"start":{"line":42,"column":28},"end":{"line":42,"column":52}},"13":{"start":{"line":43,"column":22},"end":{"line":43,"column":73}},"14":{"start":{"line":45,"column":13},"end":{"line":127,"column":1}},"15":{"start":{"line":45,"column":31},"end":{"line":127,"column":1}},"16":{"start":{"line":46,"column":2},"end":{"line":46,"column":null}},"17":{"start":{"line":53,"column":6},"end":{"line":53,"column":14}},"18":{"start":{"line":55,"column":2},"end":{"line":57,"column":null}},"19":{"start":{"line":56,"column":4},"end":{"line":56,"column":null}},"20":{"start":{"line":59,"column":14},"end":{"line":59,"column":30}},"21":{"start":{"line":60,"column":2},"end":{"line":62,"column":null}},"22":{"start":{"line":61,"column":4},"end":{"line":61,"column":null}},"23":{"start":{"line":64,"column":22},"end":{"line":64,"column":66}},"24":{"start":{"line":65,"column":47},"end":{"line":65,"column":58}},"25":{"start":{"line":67,"column":25},"end":{"line":67,"column":80}},"26":{"start":{"line":69,"column":18},"end":{"line":71,"column":6}},"27":{"start":{"line":72,"column":2},"end":{"line":75,"column":null}},"28":{"start":{"line":73,"column":4},"end":{"line":74,"column":null}},"29":{"start":{"line":76,"column":2},"end":{"line":79,"column":null}},"30":{"start":{"line":77,"column":4},"end":{"line":78,"column":null}},"31":{"start":{"line":80,"column":2},"end":{"line":100,"column":null}},"32":{"start":{"line":102,"column":26},"end":{"line":102,"column":85}},"33":{"start":{"line":103,"column":26},"end":{"line":103,"column":59}},"34":{"start":{"line":105,"column":2},"end":{"line":105,"column":null}},"35":{"start":{"line":106,"column":2},"end":{"line":106,"column":null}},"36":{"start":{"line":108,"column":15},"end":{"line":120,"column":3}},"37":{"start":{"line":122,"column":2},"end":{"line":122,"column":null}},"38":{"start":{"line":124,"column":14},"end":{"line":124,"column":35}},"39":{"start":{"line":126,"column":2},"end":{"line":126,"column":null}},"40":{"start":{"line":127,"column":1},"end":{"line":127,"column":null}}},"fnMap":{"0":{"name":"_getRequireWildcardCache","decl":{"start":{"line":9,"column":57},"end":{"line":9,"column":null}},"loc":{"start":{"line":9,"column":57},"end":{"line":9,"column":null}}},"1":{"name":"(anonymous_3)","decl":{"start":{"line":45,"column":13},"end":{"line":45,"column":14}},"loc":{"start":{"line":45,"column":31},"end":{"line":127,"column":1}}},"2":{"name":"(anonymous_4)","decl":{"start":{"line":45,"column":31},"end":{"line":45,"column":37}},"loc":{"start":{"line":45,"column":50},"end":{"line":127,"column":1}}}},"branchMap":{"0":{"loc":{"start":{"line":9,"column":57},"end":{"line":9,"column":null}},"type":"if","locations":[{"start":{"line":9,"column":57},"end":{"line":9,"column":null}}]},"1":{"loc":{"start":{"line":9,"column":57},"end":{"line":9,"column":null}},"type":"cond-expr","locations":[{"start":{"line":9,"column":57},"end":{"line":9,"column":null}},{"start":{"line":9,"column":57},"end":{"line":9,"column":null}}]},"2":{"loc":{"start":{"line":9,"column":57},"end":{"line":9,"column":null}},"type":"binary-expr","locations":[{"start":{"line":9,"column":57},"end":{"line":9,"column":null}},{"start":{"line":9,"column":57},"end":{"line":9,"column":null}},{"start":{"line":9,"column":57},"end":{"line":9,"column":null}}]},"3":{"loc":{"start":{"line":49,"column":4},"end":{"line":49,"column":38}},"type":"default-arg","locations":[{"start":{"line":49,"column":19},"end":{"line":49,"column":38}}]},"4":{"loc":{"start":{"line":50,"column":4},"end":{"line":50,"column":25}},"type":"default-arg","locations":[{"start":{"line":50,"column":20},"end":{"line":50,"column":25}}]},"5":{"loc":{"start":{"line":51,"column":4},"end":{"line":51,"column":18}},"type":"default-arg","locations":[{"start":{"line":51,"column":13},"end":{"line":51,"column":18}}]},"6":{"loc":{"start":{"line":52,"column":4},"end":{"line":52,"column":null}},"type":"default-arg","locations":[{"start":{"line":52,"column":13},"end":{"line":52,"column":null}}]},"7":{"loc":{"start":{"line":55,"column":2},"end":{"line":57,"column":null}},"type":"if","locations":[{"start":{"line":55,"column":2},"end":{"line":57,"column":null}}]},"8":{"loc":{"start":{"line":55,"column":6},"end":{"line":55,"column":47}},"type":"binary-expr","locations":[{"start":{"line":55,"column":6},"end":{"line":55,"column":21}},{"start":{"line":55,"column":25},"end":{"line":55,"column":47}}]},"9":{"loc":{"start":{"line":60,"column":2},"end":{"line":62,"column":null}},"type":"if","locations":[{"start":{"line":60,"column":2},"end":{"line":62,"column":null}}]},"10":{"loc":{"start":{"line":72,"column":2},"end":{"line":75,"column":null}},"type":"if","locations":[{"start":{"line":72,"column":2},"end":{"line":75,"column":null}}]},"11":{"loc":{"start":{"line":76,"column":2},"end":{"line":79,"column":null}},"type":"if","locations":[{"start":{"line":76,"column":2},"end":{"line":79,"column":null}}]}},"s":{"0":1,"1":1,"2":1,"3":1,"4":1,"5":1,"6":1,"7":216,"8":1,"9":1,"10":1,"11":1,"12":1,"13":1,"14":1,"15":3,"16":3,"17":3,"18":3,"19":1,"20":2,"21":2,"22":1,"23":1,"24":1,"25":1,"26":1,"27":1,"28":1,"29":1,"30":1,"31":1,"32":1,"33":1,"34":1,"35":1,"36":1,"37":1,"38":1,"39":1,"40":1},"f":{"0":5,"1":3,"2":3},"b":{"0":[49],"1":[98,100],"2":[51,51,49],"3":[3],"4":[2],"5":[2],"6":[3],"7":[1],"8":[3,1],"9":[1],"10":[1],"11":[1]}}
,"/Users/zane/.liq/playground/liquid-labs/catalyst-projects-workflow-github-jest-cicd/src/handlers/projects/workflows/github/node-jest-cicd/remove.mjs": {"path":"/Users/zane/.liq/playground/liquid-labs/catalyst-projects-workflow-github-jest-cicd/src/handlers/projects/workflows/github/node-jest-cicd/remove.mjs","statementMap":{"0":{"start":{"line":1,"column":0},"end":{"line":1,"column":null}},"1":{"start":{"line":2,"column":0},"end":{"line":2,"column":null}},"2":{"start":{"line":4,"column":0},"end":{"line":4,"column":null}},"3":{"start":{"line":6,"column":0},"end":{"line":6,"column":null}},"4":{"start":{"line":7,"column":0},"end":{"line":7,"column":68}},"5":{"start":{"line":7,"column":68},"end":{"line":7,"column":null}},"6":{"start":{"line":9,"column":10},"end":{"line":13,"column":1}},"7":{"start":{"line":15,"column":12},"end":{"line":15,"column":20}},"8":{"start":{"line":16,"column":10},"end":{"line":16,"column":76}},"9":{"start":{"line":17,"column":16},"end":{"line":17,"column":21}},"10":{"start":{"line":19,"column":13},"end":{"line":42,"column":1}},"11":{"start":{"line":19,"column":36},"end":{"line":42,"column":1}},"12":{"start":{"line":20,"column":2},"end":{"line":20,"column":null}},"13":{"start":{"line":22,"column":14},"end":{"line":22,"column":30}},"14":{"start":{"line":23,"column":2},"end":{"line":25,"column":null}},"15":{"start":{"line":24,"column":4},"end":{"line":24,"column":null}},"16":{"start":{"line":27,"column":23},"end":{"line":27,"column":87}},"17":{"start":{"line":29,"column":2},"end":{"line":37,"column":null}},"18":{"start":{"line":30,"column":4},"end":{"line":30,"column":null}},"19":{"start":{"line":31,"column":4},"end":{"line":31,"column":null}},"20":{"start":{"line":34,"column":4},"end":{"line":36,"column":null}},"21":{"start":{"line":35,"column":6},"end":{"line":35,"column":null}},"22":{"start":{"line":39,"column":15},"end":{"line":39,"column":50}},"23":{"start":{"line":41,"column":2},"end":{"line":41,"column":null}},"24":{"start":{"line":42,"column":1},"end":{"line":42,"column":null}}},"fnMap":{"0":{"name":"_getRequireWildcardCache","decl":{"start":{"line":7,"column":68},"end":{"line":7,"column":null}},"loc":{"start":{"line":7,"column":68},"end":{"line":7,"column":null}}},"1":{"name":"(anonymous_3)","decl":{"start":{"line":19,"column":13},"end":{"line":19,"column":14}},"loc":{"start":{"line":19,"column":36},"end":{"line":42,"column":1}}},"2":{"name":"(anonymous_4)","decl":{"start":{"line":19,"column":36},"end":{"line":19,"column":42}},"loc":{"start":{"line":19,"column":55},"end":{"line":42,"column":1}}}},"branchMap":{"0":{"loc":{"start":{"line":7,"column":68},"end":{"line":7,"column":null}},"type":"if","locations":[{"start":{"line":7,"column":68},"end":{"line":7,"column":null}}]},"1":{"loc":{"start":{"line":7,"column":68},"end":{"line":7,"column":null}},"type":"cond-expr","locations":[{"start":{"line":7,"column":68},"end":{"line":7,"column":null}},{"start":{"line":7,"column":68},"end":{"line":7,"column":null}}]},"2":{"loc":{"start":{"line":7,"column":68},"end":{"line":7,"column":null}},"type":"binary-expr","locations":[{"start":{"line":7,"column":68},"end":{"line":7,"column":null}},{"start":{"line":7,"column":68},"end":{"line":7,"column":null}},{"start":{"line":7,"column":68},"end":{"line":7,"column":null}}]},"3":{"loc":{"start":{"line":23,"column":2},"end":{"line":25,"column":null}},"type":"if","locations":[{"start":{"line":23,"column":2},"end":{"line":25,"column":null}}]},"4":{"loc":{"start":{"line":34,"column":4},"end":{"line":36,"column":null}},"type":"if","locations":[{"start":{"line":34,"column":4},"end":{"line":36,"column":null}}]}},"s":{"0":1,"1":1,"2":1,"3":1,"4":1,"5":216,"6":1,"7":1,"8":1,"9":1,"10":1,"11":2,"12":2,"13":2,"14":2,"15":1,"16":1,"17":1,"18":1,"19":1,"20":0,"21":0,"22":1,"23":1,"24":1},"f":{"0":5,"1":2,"2":2},"b":{"0":[49],"1":[98,100],"2":[51,51,49],"3":[1],"4":[0]}}
,"/Users/zane/.liq/playground/liquid-labs/catalyst-projects-workflow-github-jest-cicd/src/handlers/projects/workflows/github/node-jest-cicd/show.mjs": {"path":"/Users/zane/.liq/playground/liquid-labs/catalyst-projects-workflow-github-jest-cicd/src/handlers/projects/workflows/github/node-jest-cicd/show.mjs","statementMap":{"0":{"start":{"line":1,"column":0},"end":{"line":1,"column":null}},"1":{"start":{"line":2,"column":0},"end":{"line":2,"column":null}},"2":{"start":{"line":4,"column":0},"end":{"line":4,"column":null}},"3":{"start":{"line":6,"column":0},"end":{"line":6,"column":68}},"4":{"start":{"line":6,"column":68},"end":{"line":6,"column":null}},"5":{"start":{"line":8,"column":10},"end":{"line":12,"column":1}},"6":{"start":{"line":14,"column":12},"end":{"line":14,"column":20}},"7":{"start":{"line":15,"column":10},"end":{"line":15,"column":74}},"8":{"start":{"line":16,"column":16},"end":{"line":16,"column":21}},"9":{"start":{"line":18,"column":13},"end":{"line":40,"column":1}},"10":{"start":{"line":18,"column":36},"end":{"line":40,"column":1}},"11":{"start":{"line":19,"column":2},"end":{"line":19,"column":null}},"12":{"start":{"line":21,"column":14},"end":{"line":21,"column":30}},"13":{"start":{"line":22,"column":2},"end":{"line":24,"column":null}},"14":{"start":{"line":23,"column":4},"end":{"line":23,"column":null}},"15":{"start":{"line":26,"column":23},"end":{"line":26,"column":87}},"16":{"start":{"line":28,"column":2},"end":{"line":39,"column":null}},"17":{"start":{"line":29,"column":21},"end":{"line":29,"column":76}},"18":{"start":{"line":30,"column":4},"end":{"line":30,"column":null}},"19":{"start":{"line":33,"column":4},"end":{"line":38,"column":null}},"20":{"start":{"line":34,"column":6},"end":{"line":34,"column":null}},"21":{"start":{"line":37,"column":6},"end":{"line":37,"column":null}},"22":{"start":{"line":40,"column":1},"end":{"line":40,"column":null}}},"fnMap":{"0":{"name":"_getRequireWildcardCache","decl":{"start":{"line":6,"column":68},"end":{"line":6,"column":null}},"loc":{"start":{"line":6,"column":68},"end":{"line":6,"column":null}}},"1":{"name":"(anonymous_3)","decl":{"start":{"line":18,"column":13},"end":{"line":18,"column":14}},"loc":{"start":{"line":18,"column":36},"end":{"line":40,"column":1}}},"2":{"name":"(anonymous_4)","decl":{"start":{"line":18,"column":36},"end":{"line":18,"column":42}},"loc":{"start":{"line":18,"column":55},"end":{"line":40,"column":1}}}},"branchMap":{"0":{"loc":{"start":{"line":6,"column":68},"end":{"line":6,"column":null}},"type":"if","locations":[{"start":{"line":6,"column":68},"end":{"line":6,"column":null}}]},"1":{"loc":{"start":{"line":6,"column":68},"end":{"line":6,"column":null}},"type":"cond-expr","locations":[{"start":{"line":6,"column":68},"end":{"line":6,"column":null}},{"start":{"line":6,"column":68},"end":{"line":6,"column":null}}]},"2":{"loc":{"start":{"line":6,"column":68},"end":{"line":6,"column":null}},"type":"binary-expr","locations":[{"start":{"line":6,"column":68},"end":{"line":6,"column":null}},{"start":{"line":6,"column":68},"end":{"line":6,"column":null}},{"start":{"line":6,"column":68},"end":{"line":6,"column":null}}]},"3":{"loc":{"start":{"line":22,"column":2},"end":{"line":24,"column":null}},"type":"if","locations":[{"start":{"line":22,"column":2},"end":{"line":24,"column":null}}]},"4":{"loc":{"start":{"line":33,"column":4},"end":{"line":38,"column":null}},"type":"if","locations":[{"start":{"line":33,"column":4},"end":{"line":38,"column":null}},{"start":{"line":36,"column":9},"end":{"line":38,"column":null}}]}},"s":{"0":1,"1":1,"2":1,"3":1,"4":216,"5":1,"6":1,"7":1,"8":1,"9":1,"10":2,"11":2,"12":2,"13":2,"14":1,"15":1,"16":1,"17":1,"18":1,"19":0,"20":0,"21":0,"22":1},"f":{"0":5,"1":2,"2":2},"b":{"0":[49],"1":[98,100],"2":[51,51,49],"3":[1],"4":[0,0]}}
}
